<html>
<head>
<title>TestNG:  Default test</title>
<link href="../testng.css" rel="stylesheet" type="text/css" />
<link href="../my-testng.css" rel="stylesheet" type="text/css" />

<style type="text/css">
.log { display: none;} 
.stack-trace { display: none;} 
</style>
<script type="text/javascript">
<!--
function flip(e) {
  current = e.style.display;
  if (current == 'block') {
    e.style.display = 'none';
    return 0;
  }
  else {
    e.style.display = 'block';
    return 1;
  }
}

function toggleBox(szDivId, elem, msg1, msg2)
{
  var res = -1;  if (document.getElementById) {
    res = flip(document.getElementById(szDivId));
  }
  else if (document.all) {
    // this is the way old msie versions work
    res = flip(document.all[szDivId]);
  }
  if(elem) {
    if(res == 0) elem.innerHTML = msg1; else elem.innerHTML = msg2;
  }

}

function toggleAllBoxes() {
  if (document.getElementsByTagName) {
    d = document.getElementsByTagName('div');
    for (i = 0; i < d.length; i++) {
      if (d[i].className == 'log') {
        flip(d[i]);
      }
    }
  }
}

// -->
</script>

</head>
<body>
<h2 align='center'>Default test</h2><table border='1' align="center">
<tr>
<td>Tests passed/Failed/Skipped:</td><td>0/1/0</td>
</tr><tr>
<td>Started on:</td><td>Mon Mar 04 13:18:14 IST 2024</td>
</tr>
<tr><td>Total time:</td><td>10 seconds (10595 ms)</td>
</tr><tr>
<td>Included groups:</td><td></td>
</tr><tr>
<td>Excluded groups:</td><td></td>
</tr>
</table><p/>
<small><i>(Hover the method name to see the test class name)</i></small><p/>
<table width='100%' border='1' class='invocation-failed'>
<tr><td colspan='4' align='center'><b>FAILED TESTS</b></td></tr>
<tr><td><b>Test method</b></td>
<td><b>Attribute(s)</b></td>
<td width="30%"><b>Exception</b></td>
<td width="10%"><b>Time (seconds)</b></td>
<td><b>Instance</b></td>
</tr>
<tr>
<td title='AxePackage.Allytest.AmazonAllyTest()'><b>AmazonAllyTest</b><br>Test class: AxePackage.Allytest</td>
<td><div><pre>java.lang.AssertionError: Found 5 accessibility violations:
1) Elements must have sufficient color contrast: https://dequeuniversity.com/rules/axe/4.2/color-contrast?application=axeAPI
  a) [&quot;.a-color-secondary&quot;]
    Fix any of the following:
      Element has insufficient color contrast of 3.54 (foreground color: #888888, background color: #ffffff, font size: 8.3pt (11px), font weight: normal). Expected contrast ratio of 4.5:1


2) Images must have alternate text: https://dequeuniversity.com/rules/axe/4.2/image-alt?application=axeAPI
  a) [&quot;.a-text-center.a-row &gt; img&quot;]
    Fix any of the following:
      Element does not have an alt attribute
      aria-label attribute does not exist or is empty
      aria-labelledby attribute does not exist, references elements that do not exist or references elements that are empty
      Element has no title attribute
      Element&apos;s default semantics were not overridden with role=&quot;none&quot; or role=&quot;presentation&quot;


  b) [&quot;.a-color-secondary &gt; img&quot;]
    Fix any of the following:
      Element does not have an alt attribute
      aria-label attribute does not exist or is empty
      aria-labelledby attribute does not exist, references elements that do not exist or references elements that are empty
      Element has no title attribute
      Element&apos;s default semantics were not overridden with role=&quot;none&quot; or role=&quot;presentation&quot;


3) Document should have one main landmark: https://dequeuniversity.com/rules/axe/4.2/landmark-one-main?application=axeAPI
  a) [&quot;html&quot;]
    Fix all of the following:
      Document does not have a main landmark


4) Page should contain a level-one heading: https://dequeuniversity.com/rules/axe/4.2/page-has-heading-one?application=axeAPI
  a) [&quot;html&quot;]
    Fix all of the following:
      Page must have a level-one heading


5) All page content should be contained by landmarks: https://dequeuniversity.com/rules/axe/4.2/region?application=axeAPI
  a) [&quot;.a-alert&quot;]
    Fix any of the following:
      Some page content is not contained by landmarks


  b) [&quot;.a-spacing-large&quot;]
    Fix any of the following:
      Some page content is not contained by landmarks


  c) [&quot;.a-spacing-extra-large&quot;]
    Fix any of the following:
      Some page content is not contained by landmarks


  d) [&quot;.a-spacing-small&quot;]
    Fix any of the following:
      Some page content is not contained by landmarks


  e) [&quot;.a-color-secondary&quot;]
    Fix any of the following:
      Some page content is not contained by landmarks

 expected [true] but found [false]
	at org.testng.Assert.fail(Assert.java:111)
	at org.testng.Assert.failNotEquals(Assert.java:1578)
	at org.testng.Assert.assertTrue(Assert.java:57)
	at AxePackage.Allytest.AmazonAllyTest(Allytest.java:44)
	at java.base/jdk.internal.reflect.DirectMethodHandleAccessor.invoke(DirectMethodHandleAccessor.java:104)
	at java.base/java.lang.reflect.Method.invoke(Method.java:577)
	at org.testng.internal.invokers.MethodInvocationHelper.invokeMethod(MethodInvocationHelper.java:139)
	at org.testng.internal.invokers.TestInvoker.invokeMethod(TestInvoker.java:664)
	at org.testng.internal.invokers.TestInvoker.invokeTestMethod(TestInvoker.java:227)
	at org.testng.internal.invokers.MethodRunner.runInSequence(MethodRunner.java:50)
	at org.testng.internal.invokers.TestInvoker$MethodInvocationAgent.invoke(TestInvoker.java:957)
	at org.testng.internal.invokers.TestInvoker.invokeTestMethods(TestInvoker.java:200)
	at org.testng.internal.invokers.TestMethodWorker.invokeTestMethods(TestMethodWorker.java:148)
	at org.testng.internal.invokers.TestMethodWorker.run(TestMethodWorker.java:128)
	at java.base/java.util.ArrayList.forEach(ArrayList.java:1511)
	at org.testng.TestRunner.privateRun(TestRunner.java:848)
	at org.testng.TestRunner.run(TestRunner.java:621)
	at org.testng.SuiteRunner.runTest(SuiteRunner.java:443)
	at org.testng.SuiteRunner.runSequentially(SuiteRunner.java:437)
	at org.testng.SuiteRunner.privateRun(SuiteRunner.java:397)
	at org.testng.SuiteRunner.run(SuiteRunner.java:336)
	at org.testng.SuiteRunnerWorker.runSuite(SuiteRunnerWorker.java:52)
	at org.testng.SuiteRunnerWorker.run(SuiteRunnerWorker.java:95)
	at org.testng.TestNG.runSuitesSequentially(TestNG.java:1280)
	at org.testng.TestNG.runSuitesLocally(TestNG.java:1200)
	at org.testng.TestNG.runSuites(TestNG.java:1114)
	at org.testng.TestNG.run(TestNG.java:1082)
	at org.testng.remote.AbstractRemoteTestNG.run(AbstractRemoteTestNG.java:115)
	at org.testng.remote.RemoteTestNG.initAndRun(RemoteTestNG.java:251)
	at org.testng.remote.RemoteTestNG.main(RemoteTestNG.java:77)
</pre></div><a href='#' onClick='toggleBox("stack-trace1859153769", this, "Click to show all stack frames", "Click to hide stack frames")'>Click to show all stack frames</a>
<div class='stack-trace' id='stack-trace1859153769'><pre>java.lang.AssertionError: Found 5 accessibility violations:
1) Elements must have sufficient color contrast: https://dequeuniversity.com/rules/axe/4.2/color-contrast?application=axeAPI
  a) [&quot;.a-color-secondary&quot;]
    Fix any of the following:
      Element has insufficient color contrast of 3.54 (foreground color: #888888, background color: #ffffff, font size: 8.3pt (11px), font weight: normal). Expected contrast ratio of 4.5:1


2) Images must have alternate text: https://dequeuniversity.com/rules/axe/4.2/image-alt?application=axeAPI
  a) [&quot;.a-text-center.a-row &gt; img&quot;]
    Fix any of the following:
      Element does not have an alt attribute
      aria-label attribute does not exist or is empty
      aria-labelledby attribute does not exist, references elements that do not exist or references elements that are empty
      Element has no title attribute
      Element&apos;s default semantics were not overridden with role=&quot;none&quot; or role=&quot;presentation&quot;


  b) [&quot;.a-color-secondary &gt; img&quot;]
    Fix any of the following:
      Element does not have an alt attribute
      aria-label attribute does not exist or is empty
      aria-labelledby attribute does not exist, references elements that do not exist or references elements that are empty
      Element has no title attribute
      Element&apos;s default semantics were not overridden with role=&quot;none&quot; or role=&quot;presentation&quot;


3) Document should have one main landmark: https://dequeuniversity.com/rules/axe/4.2/landmark-one-main?application=axeAPI
  a) [&quot;html&quot;]
    Fix all of the following:
      Document does not have a main landmark


4) Page should contain a level-one heading: https://dequeuniversity.com/rules/axe/4.2/page-has-heading-one?application=axeAPI
  a) [&quot;html&quot;]
    Fix all of the following:
      Page must have a level-one heading


5) All page content should be contained by landmarks: https://dequeuniversity.com/rules/axe/4.2/region?application=axeAPI
  a) [&quot;.a-alert&quot;]
    Fix any of the following:
      Some page content is not contained by landmarks


  b) [&quot;.a-spacing-large&quot;]
    Fix any of the following:
      Some page content is not contained by landmarks


  c) [&quot;.a-spacing-extra-large&quot;]
    Fix any of the following:
      Some page content is not contained by landmarks


  d) [&quot;.a-spacing-small&quot;]
    Fix any of the following:
      Some page content is not contained by landmarks


  e) [&quot;.a-color-secondary&quot;]
    Fix any of the following:
      Some page content is not contained by landmarks

 expected [true] but found [false]
	at org.testng.Assert.fail(Assert.java:111)
	at org.testng.Assert.failNotEquals(Assert.java:1578)
	at org.testng.Assert.assertTrue(Assert.java:57)
	at AxePackage.Allytest.AmazonAllyTest(Allytest.java:44)
	at java.base/jdk.internal.reflect.DirectMethodHandleAccessor.invoke(DirectMethodHandleAccessor.java:104)
	at java.base/java.lang.reflect.Method.invoke(Method.java:577)
	at org.testng.internal.invokers.MethodInvocationHelper.invokeMethod(MethodInvocationHelper.java:139)
	at org.testng.internal.invokers.TestInvoker.invokeMethod(TestInvoker.java:664)
	at org.testng.internal.invokers.TestInvoker.invokeTestMethod(TestInvoker.java:227)
	at org.testng.internal.invokers.MethodRunner.runInSequence(MethodRunner.java:50)
	at org.testng.internal.invokers.TestInvoker$MethodInvocationAgent.invoke(TestInvoker.java:957)
	at org.testng.internal.invokers.TestInvoker.invokeTestMethods(TestInvoker.java:200)
	at org.testng.internal.invokers.TestMethodWorker.invokeTestMethods(TestMethodWorker.java:148)
	at org.testng.internal.invokers.TestMethodWorker.run(TestMethodWorker.java:128)
	at java.base/java.util.ArrayList.forEach(ArrayList.java:1511)
	at org.testng.TestRunner.privateRun(TestRunner.java:848)
	at org.testng.TestRunner.run(TestRunner.java:621)
	at org.testng.SuiteRunner.runTest(SuiteRunner.java:443)
	at org.testng.SuiteRunner.runSequentially(SuiteRunner.java:437)
	at org.testng.SuiteRunner.privateRun(SuiteRunner.java:397)
	at org.testng.SuiteRunner.run(SuiteRunner.java:336)
	at org.testng.SuiteRunnerWorker.runSuite(SuiteRunnerWorker.java:52)
	at org.testng.SuiteRunnerWorker.run(SuiteRunnerWorker.java:95)
	at org.testng.TestNG.runSuitesSequentially(TestNG.java:1280)
	at org.testng.TestNG.runSuitesLocally(TestNG.java:1200)
	at org.testng.TestNG.runSuites(TestNG.java:1114)
	at org.testng.TestNG.run(TestNG.java:1082)
	at org.testng.remote.AbstractRemoteTestNG.run(AbstractRemoteTestNG.java:115)
	at org.testng.remote.RemoteTestNG.initAndRun(RemoteTestNG.java:251)
	at org.testng.remote.RemoteTestNG.main(RemoteTestNG.java:77)
</pre></div></td>
<td>0</td>
<td>AxePackage.Allytest@7cc0cdad</td></tr>
</table><p>
</body>
</html>